#-----------------------------------------------------------
# Vivado v2018.3 (64-bit)
# SW Build 2405991 on Thu Dec  6 23:38:27 MST 2018
# IP Build 2404404 on Fri Dec  7 01:43:56 MST 2018
# Start of session at: Mon Jun  3 15:09:25 2019
# Process ID: 9760
# Current directory: C:/Users/HBat/Desktop/project_final/project_final
# Command line: vivado.exe -gui_launcher_event rodinguilauncherevent16288 C:\Users\HBat\Desktop\project_final\project_final\project_final.xpr
# Log file: C:/Users/HBat/Desktop/project_final/project_final/vivado.log
# Journal file: C:/Users/HBat/Desktop/project_final/project_final\vivado.jou
#-----------------------------------------------------------
start_gui
open_project C:/Users/HBat/Desktop/project_final/project_final/project_final.xpr
INFO: [Project 1-313] Project file moved from 'D:/Verilog/Projects/project_final' since last save.
Scanning sources...
Finished scanning sources
INFO: [IP_Flow 19-234] Refreshing IP repositories
INFO: [IP_Flow 19-1704] No user IP repositories specified
INFO: [IP_Flow 19-2313] Loaded Vivado IP repository 'C:/Xilinx/Vivado/2018.3/data/ip'.
open_project: Time (s): cpu = 00:00:24 ; elapsed = 00:00:13 . Memory (MB): peak = 774.410 ; gain = 165.078
update_compile_order -fileset sources_1
exit
INFO: [Common 17-206] Exiting Vivado at Tue Jun  4 13:57:38 2019...
