#-----------------------------------------------------------
# Vivado v2018.3 (64-bit)
# SW Build 2405991 on Thu Dec  6 23:38:27 MST 2018
# IP Build 2404404 on Fri Dec  7 01:43:56 MST 2018
# Start of session at: Mon Jun  3 15:07:27 2019
# Process ID: 13832
# Current directory: C:/Users/HBat/Documents/GitHub/hbat_win_vscode/vivado/fourToOne
# Command line: vivado.exe -gui_launcher_event rodinguilauncherevent15784 C:\Users\HBat\Documents\GitHub\hbat_win_vscode\vivado\fourToOne\fourToOne.xpr
# Log file: C:/Users/HBat/Documents/GitHub/hbat_win_vscode/vivado/fourToOne/vivado.log
# Journal file: C:/Users/HBat/Documents/GitHub/hbat_win_vscode/vivado/fourToOne\vivado.jou
#-----------------------------------------------------------
start_gui
open_project C:/Users/HBat/Documents/GitHub/hbat_win_vscode/vivado/fourToOne/fourToOne.xpr
INFO: [Project 1-313] Project file moved from 'D:/hbat_win_vscode/vivado/fourToOne' since last save.
Scanning sources...
Finished scanning sources
INFO: [IP_Flow 19-234] Refreshing IP repositories
INFO: [IP_Flow 19-1700] Loaded user IP repository 'c:/Users/HBat/Documents/GitHub/hbat_win_vscode/vivado/fourToOne/IP'.
INFO: [IP_Flow 19-2313] Loaded Vivado IP repository 'C:/Xilinx/Vivado/2018.3/data/ip'.
open_project: Time (s): cpu = 00:00:28 ; elapsed = 00:00:15 . Memory (MB): peak = 801.625 ; gain = 202.523
update_compile_order -fileset sources_1
exit
INFO: [Common 17-206] Exiting Vivado at Mon Jun  3 15:08:17 2019...
